{"level":"info","message":"starting install","timestamp":"2020-05-18T23:12:13.983Z"}
{"level":"info","message":"Checking for previous installation.","timestamp":"2020-05-18T23:12:13.983Z"}
{"level":"info","message":"Asking for terms agreement.","timestamp":"2020-05-18T23:12:13.983Z"}
{"level":"info","message":"Starting install wizard","timestamp":"2020-05-18T23:12:17.160Z"}
{"level":"info","message":"Directory /Users/ajdiaz/hdb created","timestamp":"2020-05-18T23:13:07.280Z"}
{"level":"info","message":"Directory /Users/ajdiaz/hdb/backup created","timestamp":"2020-05-18T23:13:07.281Z"}
{"level":"info","message":"Directory /Users/ajdiaz/hdb/trash created","timestamp":"2020-05-18T23:13:07.281Z"}
{"level":"info","message":"Directory /Users/ajdiaz/hdb/keys created","timestamp":"2020-05-18T23:13:07.281Z"}
{"level":"info","message":"Directory /Users/ajdiaz/hdb/log created","timestamp":"2020-05-18T23:13:07.282Z"}
{"level":"info","message":"Directory /Users/ajdiaz/hdb/config created","timestamp":"2020-05-18T23:13:07.282Z"}
{"level":"info","message":"Directory /Users/ajdiaz/hdb/doc created","timestamp":"2020-05-18T23:13:07.282Z"}
{"level":"info","message":"Directory /Users/ajdiaz/hdb/schema created","timestamp":"2020-05-18T23:13:07.282Z"}
{"level":"info","message":"Directory /Users/ajdiaz/hdb/schema/system created","timestamp":"2020-05-18T23:13:07.283Z"}
{"level":"info","message":"Directory /Users/ajdiaz/hdb/clustering created","timestamp":"2020-05-18T23:13:07.283Z"}
{"level":"info","message":"Directory /Users/ajdiaz/hdb/clustering/transaction_log created","timestamp":"2020-05-18T23:13:07.284Z"}
{"level":"info","message":"Directory /Users/ajdiaz/hdb/clustering/connections created","timestamp":"2020-05-18T23:13:07.285Z"}
{"level":"info","message":"Creating settings file.","timestamp":"2020-05-18T23:13:07.305Z"}
{"level":"info","message":"info creating boot file","timestamp":"2020-05-18T23:13:07.305Z"}
{"level":"info","message":"info props path /Users/ajdiaz/.harperdb/hdb_boot_properties.file","timestamp":"2020-05-18T23:13:07.306Z"}
{"level":"info","message":"info creating settings file....","timestamp":"2020-05-18T23:13:07.306Z"}
{"level":"info","message":"Detected 8 on this machine, defaulting MAX_HDB_PROCESSES to that.  This can be changed later in the settings.js file.","timestamp":"2020-05-18T23:13:07.306Z"}
{"level":"info","message":"info hdb_props_value \"   ;Settings for the HarperDB process.\\n\\n   ;The directory harperdb has been installed in.\\nPROJECT_DIR = /Users/ajdiaz/.nvm/versions/node/v12.16.1/lib/node_modules/harperdb\\n   ;The directory selected during install where the database files reside.\\nHDB_ROOT = /Users/ajdiaz/hdb\\n   ;The port the HarperDB REST interface will listen on.\\nHTTP_PORT = 9925\\n   ;If HTTPS is enabled, the port the HarperDB REST interface will listen on.\\nHTTPS_PORT = 31283\\n   ;The path to the SSL certificate used when running with HTTPS enabled.\\nCERTIFICATE = /Users/ajdiaz/hdb/keys/certificate.pem\\n   ;The path to the SSL private key used when running with HTTPS enabled.\\nPRIVATE_KEY = /Users/ajdiaz/hdb/keys/privateKey.pem\\n   ;Set to true to enable HTTPS on the HarperDB REST endpoint.  Requires a valid certificate and key.\\nHTTPS_ON = TRUE\\n   ;Set to true to have HarperDB run using standard HTTP.\\nHTTP_ON = TRUE \\n   ;Set to true to enable Cross Origin Resource Sharing, which allows requests across a domain.\\nCORS_ON = TRUE\\n   ;Allows for setting allowable domains with CORS. Comma separated list.\\nCORS_WHITELIST =\\n   ;Length of time in milliseconds after which a request will timeout.  Defaults to 120,000 ms (2 minutes).\\nSERVER_TIMEOUT_MS = 120000\\n   ;Set to control amount of logging generated.  Accepted levels are trace, debug, warn, error, fatal.\\nLOG_LEVEL = warn\\n   ;Setting LOGGER to 1 uses the WINSTON logger.\\n   ; 2 Uses the more performant PINO logger.\\nLOGGER = 1\\n   ;The path where log files will be written. If there is no file name included in the path, the log file will be created by default as 'hdb_log.log' \\nLOG_PATH = /Users/ajdiaz/hdb/log/hdb_log.log\\n   ;Set to true to enable daily log file rotations - each log file name will be prepended with YYYY-MM-DD (for WINSTON logger only).\\nLOG_DAILY_ROTATE = FALSE\\n   ;Set the number of daily log files to maintain when LOG_DAILY_ROTATE is enabled. If no integer value is set, no limit will be set for\\n   ;daily log files which may consume a large amount of storage depending on your log settings.\\nLOG_MAX_DAILY_FILES =\\n   ;The environment used by NodeJS.  Setting to production will be the most performant, settings to development will generate more logging.\\nNODE_ENV = production\\n   ;This allows self signed certificates to be used in clustering.  This is a security risk\\n   ;as clustering will not validate the cert, so should only be used internally.\\n   ;The HDB install creates a self signed certificate, if you use that cert this must be set to true.\\nALLOW_SELF_SIGNED_SSL_CERTS = false\\n   ;Set the max number of processes HarperDB will start.  This can also be limited by number of cores and licenses.\\nMAX_HDB_PROCESSES = 8\\n   ;Set to true to enable clustering.  Requires a valid enterprise license.\\nCLUSTERING = false\\n   ;The port that will be used for HarperDB clustering.\\nCLUSTERING_PORT = \\n   ;The name of this node in your HarperDB cluster topology.  This must be a value unique from the rest of your cluster node names.\\nNODE_NAME=\\n   ;The user used to connect to other instances of HarperDB, this user must have a role of cluster_user. \\nCLUSTERING_USER=\\n\"","timestamp":"2020-05-18T23:13:07.307Z"}
{"level":"info","message":"info settings path: /Users/ajdiaz/hdb/config/settings.js","timestamp":"2020-05-18T23:13:07.307Z"}
{"level":"info","message":"Creating Super user.","timestamp":"2020-05-18T23:13:07.309Z"}
{"level":"info","message":"Creating admin user.","timestamp":"2020-05-18T23:13:07.309Z"}
{"level":"info","message":"Creating Cluster user.","timestamp":"2020-05-18T23:13:07.315Z"}
{"level":"info","message":"Creating admin user.","timestamp":"2020-05-18T23:13:07.315Z"}
{"level":"info","message":"Generating keys files.","timestamp":"2020-05-18T23:13:07.317Z"}
{"level":"info","message":"Installation Successful","timestamp":"2020-05-18T23:13:09.948Z"}
